<?xml version="1.0" encoding="UTF-8"?>
<!-- Generated by org.testng.reporters.JUnitXMLReporter -->
<testsuite ignored="0" hostname="DESKTOP-Q8QMA40" failures="0" tests="3" name="Default test" time="6.92" errors="0" timestamp="2025-02-22T07:32:09 IST">
  <testcase classname="TestCases.useCase1_createUser" name="enterContactInformation" time="0.04"/>
  <testcase classname="TestCases.useCase1_createUser" name="mailinfromation" time="0.013"/>
  <testcase classname="TestCases.useCase1_createUser" name="userinfromation" time="0.01"/>
</testsuite> <!-- Default test -->
