<?xml version="1.0" encoding="UTF-8"?>
<!-- Generated by org.testng.reporters.JUnitXMLReporter -->
<testsuite ignored="0" hostname="DESKTOP-Q8QMA40" failures="0" tests="2" name="Default test" time="9.616" errors="0" timestamp="2025-03-01T08:45:05 IST">
  <testcase classname="TestCases.com_testcase_registerpage" name="enterContactInformation" time="2.075"/>
  <testcase classname="TestCases.com_testcase_registerpage" name="enterMailingInformation" time="0.305"/>
</testsuite> <!-- Default test -->
