<?xml version="1.0" encoding="UTF-8"?>
<!-- Generated by org.testng.reporters.JUnitXMLReporter -->
<testsuite ignored="15" hostname="DESKTOP-Q8QMA40" failures="1" tests="1" name="Test" time="0.217" errors="0" timestamp="2025-04-13T09:00:57 IST">
  <testcase classname="TestCases.com_testcase_brokenlink" name="enterContactInformation2" time="0.068">
    <failure type="java.lang.NullPointerException" message="Cannot invoke &amp;quot;org.openqa.selenium.WebDriver.findElements(org.openqa.selenium.By)&amp;quot; because &amp;quot;driverIntializer.driverIntializer.driver&amp;quot; is null">
      <![CDATA[java.lang.NullPointerException: Cannot invoke "org.openqa.selenium.WebDriver.findElements(org.openqa.selenium.By)" because "driverIntializer.driverIntializer.driver" is null
at TestCases.com_testcase_brokenlink.enterContactInformation2(com_testcase_brokenlink.java:109)
at java.base/java.util.concurrent.Executors$RunnableAdapter.call(Executors.java:572)
at java.base/java.util.concurrent.FutureTask.run(FutureTask.java:317)
at java.base/java.util.concurrent.ThreadPoolExecutor.runWorker(ThreadPoolExecutor.java:1144)
at java.base/java.util.concurrent.ThreadPoolExecutor$Worker.run(ThreadPoolExecutor.java:642)
at java.base/java.lang.Thread.run(Thread.java:1575)
... Removed 11 stack frames]]>
    </failure>
  </testcase> <!-- enterContactInformation2 -->
  <testcase classname="TestCases.com_testcase_staleelementException" name="enterContactInformation" time="0.0">
    <ignored/>
  </testcase> <!-- enterContactInformation -->
  <testcase classname="TestCases.com_testcase_wait" name="enterContactInformation" time="0.0">
    <ignored/>
  </testcase> <!-- enterContactInformation -->
  <testcase classname="TestCases.com_testcase_registerpage" name="enterMailingInformation" time="0.0">
    <ignored/>
  </testcase> <!-- enterMailingInformation -->
  <testcase classname="TestCases.com_testcase_switchgToWindow" name="navigateToNewWindow" time="0.0">
    <ignored/>
  </testcase> <!-- navigateToNewWindow -->
  <testcase classname="TestCases.com_testcase_download_upload" name="enterContactInformation" time="0.0">
    <ignored/>
  </testcase> <!-- enterContactInformation -->
  <testcase classname="TestCases.com_testcase_verifyAlert" name="enterMessageInalert" time="0.0">
    <ignored/>
  </testcase> <!-- enterMessageInalert -->
  <testcase classname="TestCases.com_testcase_pagination" name="enterContactInformation" time="0.0">
    <ignored/>
  </testcase> <!-- enterContactInformation -->
  <testcase classname="TestCases.com_testcase_brokenlink" name="enterContactInformation1" time="0.0">
    <ignored/>
  </testcase> <!-- enterContactInformation1 -->
  <testcase classname="TestCases.com_testcase_brokenlink" name="enterContactInformation" time="0.0">
    <ignored/>
  </testcase> <!-- enterContactInformation -->
  <testcase classname="TestCases.com_testcase_calender" name="enterContactInformation" time="0.0">
    <ignored/>
  </testcase> <!-- enterContactInformation -->
  <testcase classname="TestCases.com_testcase_mousehover" name="enterContactInformation" time="0.0">
    <ignored/>
  </testcase> <!-- enterContactInformation -->
  <testcase classname="TestCases.com_testcase_verifyAlert" name="handleAert" time="0.0">
    <ignored/>
  </testcase> <!-- handleAert -->
  <testcase classname="TestCases.com_testcase_verifyframe" name="handleframe" time="0.0">
    <ignored/>
  </testcase> <!-- handleframe -->
  <testcase classname="TestCases.com_testcase_registerpage" name="enterContactInformation" time="0.0">
    <ignored/>
  </testcase> <!-- enterContactInformation -->
  <testcase classname="TestCases.com_testcase_datatble" name="enterContactInformation" time="0.0">
    <ignored/>
  </testcase> <!-- enterContactInformation -->
</testsuite> <!-- Test -->
