<?xml version="1.0" encoding="UTF-8"?>
<testng-results ignored="0" total="2" passed="2" failed="0" skipped="0">
  <reporter-output>
  </reporter-output>
  <suite started-at="2025-03-08T07:54:14 IST" name="Suite" finished-at="2025-03-08T07:54:26 IST" duration-ms="11884">
    <groups>
    </groups>
    <test started-at="2025-03-08T07:54:14 IST" name="Test" finished-at="2025-03-08T07:54:26 IST" duration-ms="11884">
      <class name="TestCases.com_testcase_registerpage">
        <test-method is-config="true" signature="registerPageNavigation()[pri:0, instance:TestCases.com_testcase_registerpage@235834f2]" started-at="2025-03-08T07:54:14 IST" name="registerPageNavigation" finished-at="2025-03-08T07:54:23 IST" duration-ms="8690" status="PASS">
          <reporter-output>
          </reporter-output>
        </test-method> <!-- registerPageNavigation -->
        <test-method signature="enterContactInformation()[pri:0, instance:TestCases.com_testcase_registerpage@235834f2]" started-at="2025-03-08T07:54:23 IST" name="enterContactInformation" finished-at="2025-03-08T07:54:25 IST" duration-ms="1867" status="PASS">
          <reporter-output>
          </reporter-output>
        </test-method> <!-- enterContactInformation -->
        <test-method signature="enterMailingInformation()[pri:0, instance:TestCases.com_testcase_registerpage@235834f2]" started-at="2025-03-08T07:54:25 IST" name="enterMailingInformation" finished-at="2025-03-08T07:54:25 IST" duration-ms="224" status="PASS">
          <reporter-output>
          </reporter-output>
        </test-method> <!-- enterMailingInformation -->
        <test-method is-config="true" signature="closeBrowser()[pri:0, instance:TestCases.com_testcase_registerpage@235834f2]" started-at="2025-03-08T07:54:25 IST" name="closeBrowser" finished-at="2025-03-08T07:54:26 IST" duration-ms="924" status="PASS">
          <reporter-output>
          </reporter-output>
        </test-method> <!-- closeBrowser -->
      </class> <!-- TestCases.com_testcase_registerpage -->
    </test> <!-- Test -->
  </suite> <!-- Suite -->
</testng-results>
