<?xml version="1.0" encoding="UTF-8"?>
<testng-results ignored="0" total="1" passed="1" failed="0" skipped="0">
  <reporter-output>
  </reporter-output>
  <suite started-at="2025-03-22T16:37:01 IST" name="Default suite" finished-at="2025-03-22T16:37:11 IST" duration-ms="10114">
    <groups>
    </groups>
    <test started-at="2025-03-22T16:37:01 IST" name="Default test" finished-at="2025-03-22T16:37:11 IST" duration-ms="10114">
      <class name="TestCases.com_testcase_datatble">
        <test-method is-config="true" signature="registerPageNavigation()[pri:0, instance:TestCases.com_testcase_datatble@3401a114]" started-at="2025-03-22T16:37:01 IST" name="registerPageNavigation" finished-at="2025-03-22T16:37:08 IST" duration-ms="7280" status="PASS">
          <reporter-output>
          </reporter-output>
        </test-method> <!-- registerPageNavigation -->
        <test-method signature="enterContactInformation()[pri:0, instance:TestCases.com_testcase_datatble@3401a114]" started-at="2025-03-22T16:37:08 IST" name="enterContactInformation" finished-at="2025-03-22T16:37:10 IST" duration-ms="1637" status="PASS">
          <reporter-output>
          </reporter-output>
        </test-method> <!-- enterContactInformation -->
        <test-method is-config="true" signature="closeBrowser()[pri:0, instance:TestCases.com_testcase_datatble@3401a114]" started-at="2025-03-22T16:37:10 IST" name="closeBrowser" finished-at="2025-03-22T16:37:11 IST" duration-ms="1061" status="PASS">
          <reporter-output>
          </reporter-output>
        </test-method> <!-- closeBrowser -->
      </class> <!-- TestCases.com_testcase_datatble -->
    </test> <!-- Default test -->
  </suite> <!-- Default suite -->
</testng-results>
